#-----------------------------------------------------------
# Vivado v2020.2 (64-bit)
# SW Build 3064766 on Wed Nov 18 09:12:45 MST 2020
# IP Build 3064653 on Wed Nov 18 14:17:31 MST 2020
# Start of session at: Thu Jun 23 14:21:43 2022
# Process ID: 33396
# Current directory: D:/workdir/GIT/Video_Simulation/v_vsampler_sim/vivado_proj
# Command line: vivado.exe -gui_launcher_event rodinguilauncherevent21408 D:\workdir\GIT\Video_Simulation\v_vsampler_sim\vivado_proj\vivado_proj.xpr
# Log file: D:/workdir/GIT/Video_Simulation/v_vsampler_sim/vivado_proj/vivado.log
# Journal file: D:/workdir/GIT/Video_Simulation/v_vsampler_sim/vivado_proj\vivado.jou
#-----------------------------------------------------------
start_gui
open_project D:/workdir/GIT/Video_Simulation/v_vsampler_sim/vivado_proj/vivado_proj.xpr
WARNING: [filemgmt 56-3] IP Output Repository Path: Could not find the directory 'D:/workdir/GIT/Video_Simulation/v_vsampler_sim/ip_cache'.
Scanning sources...
Finished scanning sources
INFO: [IP_Flow 19-234] Refreshing IP repositories
INFO: [IP_Flow 19-1700] Loaded user IP repository 'd:/workdir/GIT/Video_Simulation/v_vsampler_sim/ip_repo'.
INFO: [IP_Flow 19-2313] Loaded Vivado IP repository 'D:/Vivado/Vivado/2020.2/data/ip'.
open_project: Time (s): cpu = 00:00:12 ; elapsed = 00:00:07 . Memory (MB): peak = 1180.742 ; gain = 0.000
update_compile_order -fileset sources_1
open_bd_design {D:/workdir/GIT/Video_Simulation/v_vsampler_sim/vivado_proj/vivado_proj.srcs/sources_1/bd/system/system.bd}
Reading block design file <D:/workdir/GIT/Video_Simulation/v_vsampler_sim/vivado_proj/vivado_proj.srcs/sources_1/bd/system/system.bd>...
Adding component instance block -- xilinx.com:ip:axi_vip:1.1 - axi_vip_0
Adding component instance block -- xilinx.com:ip:axis_subset_converter:1.1 - axis_subset_converter_0
Adding component instance block -- xilinx.com:ip:v_tpg:8.1 - v_tpg_0
Adding component instance block -- xilinx.com:user:video_down_sample:2.0 - video_down_sample_0
Successfully read diagram <system> from block design file <D:/workdir/GIT/Video_Simulation/v_vsampler_sim/vivado_proj/vivado_proj.srcs/sources_1/bd/system/system.bd>
exit
INFO: [Common 17-206] Exiting Vivado at Thu Jun 23 18:22:58 2022...
